android/app/build/intermediates/manifest_merge_blame_file/debug/manifest-merger-blame-debug-report.txt
1<?xml version="1.0" encoding="utf-8"?>
2<manifest xmlns:android="http://schemas.android.com/apk/res/android"
3    package="com.myviroapp"
4    android:versionCode="1004"
5    android:versionName="1.0" >
6
7    <uses-sdk
8        android:minSdkVersion="24"
9        android:targetSdkVersion="30" />
10
11    <uses-permission android:name="android.permission.SYSTEM_ALERT_WINDOW" />
11-->src\debug\AndroidManifest.xml:5:5-77
11-->src\debug\AndroidManifest.xml:5:22-75
12
13    <queries>
13-->src\main\AndroidManifest.xml:4:5-6:15
14        <package android:name="com.google.ar.core" />
14-->src\main\AndroidManifest.xml:5:9-54
14-->src\main\AndroidManifest.xml:5:18-51
15    </queries>
16
17    <uses-permission android:name="android.permission.INTERNET" />
17-->src\main\AndroidManifest.xml:7:5-67
17-->src\main\AndroidManifest.xml:7:22-64
18    <uses-permission android:name="android.permission.CAMERA" /> <!-- You may need these if doing any screen recording from within the app -->
18-->src\main\AndroidManifest.xml:8:5-65
18-->src\main\AndroidManifest.xml:8:22-62
19    <uses-permission android:name="android.permission.READ_EXTERNAL_STORAGE" />
19-->src\main\AndroidManifest.xml:10:5-79
19-->src\main\AndroidManifest.xml:10:22-77
20    <uses-permission android:name="android.permission.WRITE_EXTERNAL_STORAGE" /> <!-- Other camera related features -->
20-->src\main\AndroidManifest.xml:11:5-80
20-->src\main\AndroidManifest.xml:11:22-78
21    <uses-feature android:name="android.hardware.camera.ar" />
21-->src\main\AndroidManifest.xml:13:5-63
21-->src\main\AndroidManifest.xml:13:19-60
22    <uses-feature android:name="android.hardware.camera" />
22-->src\main\AndroidManifest.xml:14:5-60
22-->src\main\AndroidManifest.xml:14:19-57
23    <uses-feature
23-->src\main\AndroidManifest.xml:15:5-119
24        android:name="android.hardware.camera.autofocus"
24-->src\main\AndroidManifest.xml:15:19-67
25        android:required="false" /> <!-- Usage of accelerometer and gyroscope -->
25-->src\main\AndroidManifest.xml:15:68-92
26    <uses-feature
26-->src\main\AndroidManifest.xml:19:5-124
27        android:name="android.hardware.sensor.accelerometer"
27-->src\main\AndroidManifest.xml:19:19-71
28        android:required="false" />
28-->src\main\AndroidManifest.xml:19:72-96
29    <uses-feature
29-->src\main\AndroidManifest.xml:20:5-120
30        android:name="android.hardware.sensor.gyroscope"
30-->src\main\AndroidManifest.xml:20:19-67
31        android:required="false" />
31-->src\main\AndroidManifest.xml:20:68-92
32
33    <uses-permission android:name="android.permission.ACCESS_WIFI_STATE" /> <!-- Required for vibration feedback when the trigger action is performed. -->
33-->[com.facebook.flipper:flipper:0.93.0] AndroidManifest.xml:16:5-76
33-->[com.facebook.flipper:flipper:0.93.0] AndroidManifest.xml:16:22-73
34    <uses-permission android:name="android.permission.VIBRATE" /> <!-- Required for Recording -->
34-->[:viro_renderer] AndroidManifest.xml:16:5-66
34-->[:viro_renderer] AndroidManifest.xml:16:22-63
35    <uses-permission android:name="android.permission.RECORD_AUDIO" /> <!-- Required to detect viewer insertion. -->
35-->[:viro_renderer] AndroidManifest.xml:20:5-71
35-->[:viro_renderer] AndroidManifest.xml:20:22-68
36    <uses-permission android:name="android.permission.NFC" /> <!-- Indicates use of Android's VR-mode, available only on Android N+. -->
36-->[:viro_renderer] AndroidManifest.xml:23:5-62
36-->[:viro_renderer] AndroidManifest.xml:23:22-59
37    <uses-feature
37-->[:viro_renderer] AndroidManifest.xml:36:5-38:36
38        android:name="android.software.vr.mode"
38-->[:viro_renderer] AndroidManifest.xml:37:9-48
39        android:required="false" /> <!-- Indicates use of VR features that are available only on Daydream-ready devices. -->
39-->[:viro_renderer] AndroidManifest.xml:38:9-33
40    <uses-feature
40-->[:viro_renderer] AndroidManifest.xml:40:5-42:36
41        android:name="android.hardware.vr.high_performance"
41-->[:viro_renderer] AndroidManifest.xml:41:9-60
42        android:required="false" />
42-->[:viro_renderer] AndroidManifest.xml:42:9-33
43
44    <application
44-->src\main\AndroidManifest.xml:23:5-43:19
45        android:name="com.myviroapp.MainApplication"
45-->src\main\AndroidManifest.xml:24:7-38
46        android:allowBackup="false"
46-->src\main\AndroidManifest.xml:28:7-34
47        android:appComponentFactory="androidx.core.app.CoreComponentFactory"
47-->[androidx.core:core:1.1.0] AndroidManifest.xml:24:18-86
48        android:debuggable="true"
49        android:extractNativeLibs="false"
50        android:icon="@mipmap/ic_launcher"
50-->src\main\AndroidManifest.xml:26:7-41
51        android:label="@string/app_name"
51-->src\main\AndroidManifest.xml:25:7-39
52        android:roundIcon="@mipmap/ic_launcher_round"
52-->src\main\AndroidManifest.xml:27:7-52
53        android:supportsRtl="true"
53-->[:react_viro] AndroidManifest.xml:13:9-35
54        android:theme="@style/AppTheme"
54-->src\main\AndroidManifest.xml:30:7-38
55        android:usesCleartextTraffic="true" >
55-->src\main\AndroidManifest.xml:29:7-42
56        <activity android:name="com.facebook.react.devsupport.DevSettingsActivity" />
56-->src\debug\AndroidManifest.xml:11:9-86
56-->src\debug\AndroidManifest.xml:11:19-83
57
58        <meta-data
58-->src\main\AndroidManifest.xml:31:7-79
59            android:name="com.google.ar.core"
59-->src\main\AndroidManifest.xml:31:18-51
60            android:value="required" />
60-->src\main\AndroidManifest.xml:31:52-76
61
62        <activity
62-->src\main\AndroidManifest.xml:32:7-42:18
63            android:name="com.myviroapp.MainActivity"
63-->src\main\AndroidManifest.xml:33:9-37
64            android:configChanges="keyboard|keyboardHidden|orientation|screenSize|uiMode"
64-->src\main\AndroidManifest.xml:35:9-86
65            android:label="@string/app_name"
65-->src\main\AndroidManifest.xml:34:9-41
66            android:launchMode="singleTask"
66-->src\main\AndroidManifest.xml:36:9-40
67            android:windowSoftInputMode="adjustResize" >
67-->src\main\AndroidManifest.xml:37:9-51
68            <intent-filter>
68-->src\main\AndroidManifest.xml:38:9-41:25
69                <action android:name="android.intent.action.MAIN" />
69-->src\main\AndroidManifest.xml:39:13-65
69-->src\main\AndroidManifest.xml:39:21-62
70
71                <category android:name="android.intent.category.LAUNCHER" />
71-->src\main\AndroidManifest.xml:40:13-73
71-->src\main\AndroidManifest.xml:40:23-70
72            </intent-filter>
73        </activity> <!-- The minimal version code of ARCore APK required for an app using this SDK. -->
74        <meta-data
74-->[:arcore_client] AndroidManifest.xml:33:9-35:41
75            android:name="com.google.ar.core.min_apk_version"
75-->[:arcore_client] AndroidManifest.xml:34:13-62
76            android:value="190519000" /> <!-- This activity is critical for installing ARCore when it is not already present. -->
76-->[:arcore_client] AndroidManifest.xml:35:13-38
77        <activity
77-->[:arcore_client] AndroidManifest.xml:37:9-43:80
78            android:name="com.google.ar.core.InstallActivity"
78-->[:arcore_client] AndroidManifest.xml:38:13-62
79            android:configChanges="keyboardHidden|orientation|screenSize"
79-->[:arcore_client] AndroidManifest.xml:39:13-74
80            android:excludeFromRecents="true"
80-->[:arcore_client] AndroidManifest.xml:40:13-46
81            android:exported="false"
81-->[:arcore_client] AndroidManifest.xml:41:13-37
82            android:launchMode="singleTop"
82-->[:arcore_client] AndroidManifest.xml:42:13-43
83            android:theme="@android:style/Theme.Material.Light.Dialog.Alert" />
83-->[:arcore_client] AndroidManifest.xml:43:13-77
84    </application>
85
86</manifest>